<component name="libraryTable">
  <library name="junit-4.12-ijar_892dfd2a">
    <CLASSES>
      <root url="jar://$USER_HOME$/.cache/bazel/_bazel_jermowery/0ac2afbc294c5f4d37bd42653265d4fe/execroot/__main__/bazel-out/k8-fastbuild/genfiles/external/junit_junit/jar/_ijar/jar/external/junit_junit/jar/junit-4.12-ijar.jar!/" />
    </CLASSES>
    <JAVADOC />
    <SOURCES />
  </library>
</component>